[INFO ] 2021-11-02 13:02:23.689 [main] TC001_GET_Request_AllEmployees - ------TC003_Post_Request_EmployeeCreation------
[INFO ] 2021-11-02 13:02:33.092 [main] TC001_GET_Request_AllEmployees - ----Checking response------
[INFO ] 2021-11-02 13:02:33.140 [main] TC001_GET_Request_AllEmployees - Response body captured... 
[INFO ] 2021-11-02 13:02:33.155 [main] TC001_GET_Request_AllEmployees - ----Checking response time------
[INFO ] 2021-11-02 13:02:33.155 [main] TC001_GET_Request_AllEmployees - Response time: 2985
[WARN ] 2021-11-02 13:02:33.156 [main] TC001_GET_Request_AllEmployees - Response time is greater than 2000
[INFO ] 2021-11-02 13:02:33.160 [main] TC001_GET_Request_AllEmployees - ----Checking response status code------
[INFO ] 2021-11-02 13:02:33.160 [main] TC001_GET_Request_AllEmployees - Response status: 200
[INFO ] 2021-11-02 13:02:33.162 [main] TC001_GET_Request_AllEmployees - -------------Finished TC003_Post_Request_EmployeeCreation------------
[INFO ] 2021-11-02 14:23:29.819 [main] TC001_GET_Request_AllEmployees - ------TC003_Post_Request_EmployeeCreation------
[INFO ] 2021-11-02 14:23:45.743 [main] TC001_GET_Request_AllEmployees - ----Checking response------
[INFO ] 2021-11-02 14:23:45.857 [main] TC001_GET_Request_AllEmployees - Response body captured... 
[INFO ] 2021-11-02 14:23:45.941 [main] TC001_GET_Request_AllEmployees - ----Checking response time------
[INFO ] 2021-11-02 14:23:45.942 [main] TC001_GET_Request_AllEmployees - Response time: 5779
[WARN ] 2021-11-02 14:23:45.946 [main] TC001_GET_Request_AllEmployees - Response time is greater than 2000
[INFO ] 2021-11-02 14:23:45.958 [main] TC001_GET_Request_AllEmployees - ----Checking response status code------
[INFO ] 2021-11-02 14:23:45.959 [main] TC001_GET_Request_AllEmployees - Response status: 200
[INFO ] 2021-11-02 14:23:46.012 [main] TC001_GET_Request_AllEmployees - -------------Finished TC003_Post_Request_EmployeeCreation------------
[INFO ] 2021-11-02 14:55:46.142 [main] TC004_Put_Request_EmployeeDetailsUpdation - ------TC004_Put_Request_EmployeeDetailsUpdation------
[INFO ] 2021-11-02 14:55:55.615 [main] TC004_Put_Request_EmployeeDetailsUpdation - ----Checking response------
[INFO ] 2021-11-02 14:55:55.682 [main] TC004_Put_Request_EmployeeDetailsUpdation - Response body captured... 
[INFO ] 2021-11-02 14:55:55.712 [main] TC004_Put_Request_EmployeeDetailsUpdation - ----Checking response time------
[INFO ] 2021-11-02 14:55:55.713 [main] TC004_Put_Request_EmployeeDetailsUpdation - Response time: 2893
[WARN ] 2021-11-02 14:55:55.713 [main] TC004_Put_Request_EmployeeDetailsUpdation - Response time is greater than 2000
[INFO ] 2021-11-02 14:55:55.717 [main] TC004_Put_Request_EmployeeDetailsUpdation - ----Checking response status code------
[INFO ] 2021-11-02 14:55:55.718 [main] TC004_Put_Request_EmployeeDetailsUpdation - Response status: 405
[INFO ] 2021-11-02 14:55:55.728 [main] TC004_Put_Request_EmployeeDetailsUpdation - -------------Finished TC004_Put_Request_EmployeeDetailsUpdation------------
[INFO ] 2021-11-02 15:47:05.033 [main] TC004_Put_Request_EmployeeDetailsUpdation - ------TC004_Put_Request_EmployeeDetailsUpdation------
[INFO ] 2021-11-02 15:47:19.030 [main] TC004_Put_Request_EmployeeDetailsUpdation - ----Checking response------
[INFO ] 2021-11-02 15:47:19.109 [main] TC004_Put_Request_EmployeeDetailsUpdation - Response body captured... 
[INFO ] 2021-11-02 15:47:19.154 [main] TC004_Put_Request_EmployeeDetailsUpdation - ----Checking response time------
[INFO ] 2021-11-02 15:47:19.154 [main] TC004_Put_Request_EmployeeDetailsUpdation - Response time: 6505
[WARN ] 2021-11-02 15:47:19.155 [main] TC004_Put_Request_EmployeeDetailsUpdation - Response time is greater than 2000
[INFO ] 2021-11-02 15:47:19.160 [main] TC004_Put_Request_EmployeeDetailsUpdation - ----Checking response status code------
[INFO ] 2021-11-02 15:47:19.161 [main] TC004_Put_Request_EmployeeDetailsUpdation - Response status: 405
[INFO ] 2021-11-02 15:47:19.168 [main] TC004_Put_Request_EmployeeDetailsUpdation - -------------Finished TC004_Put_Request_EmployeeDetailsUpdation------------
[INFO ] 2021-11-02 16:02:11.265 [main] TC004_Put_Request_EmployeeDetailsUpdation - ------TC004_Put_Request_EmployeeDetailsUpdation------
[INFO ] 2021-11-02 16:02:19.967 [main] TC004_Put_Request_EmployeeDetailsUpdation - ----Checking response------
[INFO ] 2021-11-02 16:02:20.061 [main] TC004_Put_Request_EmployeeDetailsUpdation - Response body captured... 
[INFO ] 2021-11-02 16:02:20.076 [main] TC004_Put_Request_EmployeeDetailsUpdation - ----Checking response time------
[INFO ] 2021-11-02 16:02:20.077 [main] TC004_Put_Request_EmployeeDetailsUpdation - Response time: 2277
[WARN ] 2021-11-02 16:02:20.077 [main] TC004_Put_Request_EmployeeDetailsUpdation - Response time is greater than 2000
[INFO ] 2021-11-02 16:02:20.082 [main] TC004_Put_Request_EmployeeDetailsUpdation - ----Checking response status code------
[INFO ] 2021-11-02 16:02:20.082 [main] TC004_Put_Request_EmployeeDetailsUpdation - Response status: 429
[INFO ] 2021-11-02 16:02:20.085 [main] TC004_Put_Request_EmployeeDetailsUpdation - -------------Finished TC004_Put_Request_EmployeeDetailsUpdation------------
[INFO ] 2021-11-02 16:03:05.473 [main] TC004_Put_Request_EmployeeDetailsUpdation - ------TC004_Put_Request_EmployeeDetailsUpdation------
[INFO ] 2021-11-02 16:03:13.924 [main] TC004_Put_Request_EmployeeDetailsUpdation - ----Checking response------
[INFO ] 2021-11-02 16:03:13.950 [main] TC004_Put_Request_EmployeeDetailsUpdation - Response body captured... 
[INFO ] 2021-11-02 16:03:13.967 [main] TC004_Put_Request_EmployeeDetailsUpdation - ----Checking response time------
[INFO ] 2021-11-02 16:03:13.968 [main] TC004_Put_Request_EmployeeDetailsUpdation - Response time: 2044
[WARN ] 2021-11-02 16:03:13.968 [main] TC004_Put_Request_EmployeeDetailsUpdation - Response time is greater than 2000
[INFO ] 2021-11-02 16:03:13.982 [main] TC004_Put_Request_EmployeeDetailsUpdation - ----Checking response status code------
[INFO ] 2021-11-02 16:03:13.982 [main] TC004_Put_Request_EmployeeDetailsUpdation - Response status: 429
[INFO ] 2021-11-02 16:03:13.991 [main] TC004_Put_Request_EmployeeDetailsUpdation - -------------Finished TC004_Put_Request_EmployeeDetailsUpdation------------
[INFO ] 2021-11-02 16:03:29.298 [main] TC004_Put_Request_EmployeeDetailsUpdation - ------TC004_Put_Request_EmployeeDetailsUpdation------
[INFO ] 2021-11-02 16:03:37.592 [main] TC004_Put_Request_EmployeeDetailsUpdation - ----Checking response------
[INFO ] 2021-11-02 16:03:37.616 [main] TC004_Put_Request_EmployeeDetailsUpdation - Response body captured... 
[INFO ] 2021-11-02 16:03:37.635 [main] TC004_Put_Request_EmployeeDetailsUpdation - ----Checking response time------
[INFO ] 2021-11-02 16:03:37.637 [main] TC004_Put_Request_EmployeeDetailsUpdation - Response time: 1980
[INFO ] 2021-11-02 16:03:37.649 [main] TC004_Put_Request_EmployeeDetailsUpdation - ----Checking response status code------
[INFO ] 2021-11-02 16:03:37.649 [main] TC004_Put_Request_EmployeeDetailsUpdation - Response status: 429
[INFO ] 2021-11-02 16:03:37.655 [main] TC004_Put_Request_EmployeeDetailsUpdation - -------------Finished TC004_Put_Request_EmployeeDetailsUpdation------------
[INFO ] 2021-11-02 16:21:07.147 [main] TC005_Delete_Request - ------TC005_Delete_Request------
[INFO ] 2021-11-02 16:21:18.390 [main] TC005_Delete_Request - ----Checking response------
[INFO ] 2021-11-02 16:21:18.392 [main] TC005_Delete_Request - Response body captured... 
[INFO ] 2021-11-02 16:21:18.403 [main] TC005_Delete_Request - -------------Finished TC005_Delete_Request------------
[INFO ] 2021-11-02 16:23:28.873 [main] TC005_Delete_Request - ------TC005_Delete_Request------
[INFO ] 2021-11-02 16:24:30.286 [main] TC005_Delete_Request - ------TC005_Delete_Request------
[INFO ] 2021-11-02 16:25:34.526 [main] TC005_Delete_Request - ------TC005_Delete_Request------
[INFO ] 2021-11-02 16:26:44.970 [main] TC005_Delete_Request - ------TC005_Delete_Request------
[INFO ] 2021-11-02 16:54:33.324 [main] TC003_Post_Request_EmployeeCreation - ------TC003_Post_Request_EmployeeCreation------
[INFO ] 2021-11-02 16:54:42.550 [main] TC003_Post_Request_EmployeeCreation - ----Checking response------
[INFO ] 2021-11-02 16:54:42.586 [main] TC003_Post_Request_EmployeeCreation - Response body captured... 
[INFO ] 2021-11-02 16:54:42.596 [main] TC003_Post_Request_EmployeeCreation - ----Checking response time------
[INFO ] 2021-11-02 16:54:42.597 [main] TC003_Post_Request_EmployeeCreation - Response time: 2770
[WARN ] 2021-11-02 16:54:42.597 [main] TC003_Post_Request_EmployeeCreation - Response time is greater than 2000
[INFO ] 2021-11-02 16:54:42.599 [main] TC003_Post_Request_EmployeeCreation - ----Checking response status code------
[INFO ] 2021-11-02 16:54:42.599 [main] TC003_Post_Request_EmployeeCreation - Response status: 200
[INFO ] 2021-11-02 16:54:42.601 [main] TC003_Post_Request_EmployeeCreation - -------------Finished TC003_Post_Request_EmployeeCreation------------
[INFO ] 2021-11-02 16:55:23.208 [main] TC001_GET_Request_AllEmployees - ------TC001_GET_Request_AllEmployees------
[INFO ] 2021-11-02 16:55:32.030 [main] TC001_GET_Request_AllEmployees - ----Checking Content Encoding------
[INFO ] 2021-11-02 16:55:32.032 [main] TC001_GET_Request_AllEmployees - Content Type: gzip
[INFO ] 2021-11-02 16:55:32.080 [main] TC001_GET_Request_AllEmployees - ----Checking Content Length------
[INFO ] 2021-11-02 16:55:32.080 [main] TC001_GET_Request_AllEmployees - Content Length: 631
[INFO ] 2021-11-02 16:55:32.085 [main] TC001_GET_Request_AllEmployees - ----Checking Content Type------
[INFO ] 2021-11-02 16:55:32.085 [main] TC001_GET_Request_AllEmployees - Content Type: application/json
[INFO ] 2021-11-02 16:55:32.089 [main] TC001_GET_Request_AllEmployees - ----Checking response------
[INFO ] 2021-11-02 16:55:32.143 [main] TC001_GET_Request_AllEmployees - Response body captured... 
[INFO ] 2021-11-02 16:55:32.159 [main] TC001_GET_Request_AllEmployees - ----Checking response time------
[INFO ] 2021-11-02 16:55:32.160 [main] TC001_GET_Request_AllEmployees - Response time: 2593
[WARN ] 2021-11-02 16:55:32.160 [main] TC001_GET_Request_AllEmployees - Response time is greater than 2000
[INFO ] 2021-11-02 16:55:32.171 [main] TC001_GET_Request_AllEmployees - ----Checking Server Type------
[INFO ] 2021-11-02 16:55:32.173 [main] TC001_GET_Request_AllEmployees - Content Type: cloudflare
[INFO ] 2021-11-02 16:55:32.181 [main] TC001_GET_Request_AllEmployees - ----Checking response status code------
[INFO ] 2021-11-02 16:55:32.182 [main] TC001_GET_Request_AllEmployees - Response status: 200
[INFO ] 2021-11-02 16:55:32.201 [main] TC001_GET_Request_AllEmployees - ----Checking Status Line------
[INFO ] 2021-11-02 16:55:32.203 [main] TC001_GET_Request_AllEmployees - Status Line: HTTP/1.1 200 OK
[INFO ] 2021-11-02 16:55:32.217 [main] TC001_GET_Request_AllEmployees - -------------Finished TC001_GET_Request_AllEmployees------------
[INFO ] 2021-11-02 16:55:32.224 [main] TC001_GET_Request_AllEmployees - ------TC002_GET_Request_SingleEmployee------
[INFO ] 2021-11-02 16:55:39.261 [main] TC001_GET_Request_AllEmployees - ----Checking Content Type------
[INFO ] 2021-11-02 16:55:39.262 [main] TC001_GET_Request_AllEmployees - Content Type: application/json
[INFO ] 2021-11-02 16:55:39.280 [main] TC001_GET_Request_AllEmployees - ----Checking response------
[INFO ] 2021-11-02 16:55:39.281 [main] TC001_GET_Request_AllEmployees - Response body captured... 
[INFO ] 2021-11-02 16:55:39.291 [main] TC001_GET_Request_AllEmployees - ----Checking response time------
[INFO ] 2021-11-02 16:55:39.292 [main] TC001_GET_Request_AllEmployees - Response time: 1995
[INFO ] 2021-11-02 16:55:39.295 [main] TC001_GET_Request_AllEmployees - ----Checking Server Type------
[INFO ] 2021-11-02 16:55:39.296 [main] TC001_GET_Request_AllEmployees - Content Type: cloudflare
[INFO ] 2021-11-02 16:55:39.299 [main] TC001_GET_Request_AllEmployees - ----Checking response status code------
[INFO ] 2021-11-02 16:55:39.300 [main] TC001_GET_Request_AllEmployees - Response status: 200
[INFO ] 2021-11-02 16:55:39.303 [main] TC001_GET_Request_AllEmployees - ----Checking Status Line------
[INFO ] 2021-11-02 16:55:39.303 [main] TC001_GET_Request_AllEmployees - Status Line: HTTP/1.1 200 OK
[INFO ] 2021-11-02 16:55:39.308 [main] TC001_GET_Request_AllEmployees - -------------Finished TC002_GET_Request_SingleEmployee------------
[INFO ] 2021-11-02 16:55:39.311 [main] TC003_Post_Request_EmployeeCreation - ------TC003_Post_Request_EmployeeCreation------
[INFO ] 2021-11-02 16:55:46.488 [main] TC003_Post_Request_EmployeeCreation - ----Checking response------
[INFO ] 2021-11-02 16:55:46.490 [main] TC003_Post_Request_EmployeeCreation - Response body captured... 
[INFO ] 2021-11-02 16:55:46.497 [main] TC003_Post_Request_EmployeeCreation - ----Checking response time------
[INFO ] 2021-11-02 16:55:46.497 [main] TC003_Post_Request_EmployeeCreation - Response time: 2144
[WARN ] 2021-11-02 16:55:46.498 [main] TC003_Post_Request_EmployeeCreation - Response time is greater than 2000
[INFO ] 2021-11-02 16:55:46.506 [main] TC003_Post_Request_EmployeeCreation - ----Checking response status code------
[INFO ] 2021-11-02 16:55:46.507 [main] TC003_Post_Request_EmployeeCreation - Response status: 200
[INFO ] 2021-11-02 16:55:46.522 [main] TC003_Post_Request_EmployeeCreation - -------------Finished TC003_Post_Request_EmployeeCreation------------
[INFO ] 2021-11-02 16:55:46.523 [main] TC004_Put_Request_EmployeeDetailsUpdation - ------TC004_Put_Request_EmployeeDetailsUpdation------
[INFO ] 2021-11-02 16:55:54.241 [main] TC004_Put_Request_EmployeeDetailsUpdation - ----Checking response------
[INFO ] 2021-11-02 16:55:54.242 [main] TC004_Put_Request_EmployeeDetailsUpdation - Response body captured... 
[INFO ] 2021-11-02 16:55:54.248 [main] TC004_Put_Request_EmployeeDetailsUpdation - ----Checking response time------
[INFO ] 2021-11-02 16:55:54.248 [main] TC004_Put_Request_EmployeeDetailsUpdation - Response time: 2697
[WARN ] 2021-11-02 16:55:54.249 [main] TC004_Put_Request_EmployeeDetailsUpdation - Response time is greater than 2000
[INFO ] 2021-11-02 16:55:54.256 [main] TC004_Put_Request_EmployeeDetailsUpdation - ----Checking response status code------
[INFO ] 2021-11-02 16:55:54.257 [main] TC004_Put_Request_EmployeeDetailsUpdation - Response status: 200
[INFO ] 2021-11-02 16:55:54.261 [main] TC004_Put_Request_EmployeeDetailsUpdation - -------------Finished TC004_Put_Request_EmployeeDetailsUpdation------------
[INFO ] 2021-11-02 16:55:54.262 [main] TC005_Delete_Request - ------TC005_Delete_Request------
[INFO ] 2021-11-03 19:53:59.646 [main] TC003_Post_Request_EmployeeCreation - ------TC003_Post_Request_EmployeeCreation------
[INFO ] 2021-11-03 19:54:10.646 [main] TC003_Post_Request_EmployeeCreation - ----Checking response------
[INFO ] 2021-11-03 19:54:10.706 [main] TC003_Post_Request_EmployeeCreation - Response body captured... 
[INFO ] 2021-11-03 19:54:10.739 [main] TC003_Post_Request_EmployeeCreation - ----Checking response time------
[INFO ] 2021-11-03 19:54:10.740 [main] TC003_Post_Request_EmployeeCreation - Response time: 2902
[WARN ] 2021-11-03 19:54:10.741 [main] TC003_Post_Request_EmployeeCreation - Response time is greater than 2000
[INFO ] 2021-11-03 19:54:10.747 [main] TC003_Post_Request_EmployeeCreation - ----Checking response status code------
[INFO ] 2021-11-03 19:54:10.748 [main] TC003_Post_Request_EmployeeCreation - Response status: 429
[INFO ] 2021-11-03 19:54:10.753 [main] TC003_Post_Request_EmployeeCreation - -------------Finished TC003_Post_Request_EmployeeCreation------------
[INFO ] 2021-11-03 19:54:45.417 [main] TC003_Post_Request_EmployeeCreation - ------TC003_Post_Request_EmployeeCreation------
[INFO ] 2021-11-03 19:54:54.148 [main] TC003_Post_Request_EmployeeCreation - ----Checking response------
[INFO ] 2021-11-03 19:54:54.178 [main] TC003_Post_Request_EmployeeCreation - Response body captured... 
[INFO ] 2021-11-03 19:54:54.208 [main] TC003_Post_Request_EmployeeCreation - ----Checking response time------
[INFO ] 2021-11-03 19:54:54.210 [main] TC003_Post_Request_EmployeeCreation - Response time: 2226
[WARN ] 2021-11-03 19:54:54.210 [main] TC003_Post_Request_EmployeeCreation - Response time is greater than 2000
[INFO ] 2021-11-03 19:54:54.229 [main] TC003_Post_Request_EmployeeCreation - ----Checking response status code------
[INFO ] 2021-11-03 19:54:54.229 [main] TC003_Post_Request_EmployeeCreation - Response status: 429
[INFO ] 2021-11-03 19:54:54.234 [main] TC003_Post_Request_EmployeeCreation - -------------Finished TC003_Post_Request_EmployeeCreation------------
[INFO ] 2021-11-03 19:55:06.489 [main] TC003_Post_Request_EmployeeCreation - ------TC003_Post_Request_EmployeeCreation------
[INFO ] 2021-11-03 19:55:15.223 [main] TC003_Post_Request_EmployeeCreation - ----Checking response------
[INFO ] 2021-11-03 19:55:15.257 [main] TC003_Post_Request_EmployeeCreation - Response body captured... 
[INFO ] 2021-11-03 19:55:15.278 [main] TC003_Post_Request_EmployeeCreation - ----Checking response time------
[INFO ] 2021-11-03 19:55:15.279 [main] TC003_Post_Request_EmployeeCreation - Response time: 2231
[WARN ] 2021-11-03 19:55:15.281 [main] TC003_Post_Request_EmployeeCreation - Response time is greater than 2000
[INFO ] 2021-11-03 19:55:15.294 [main] TC003_Post_Request_EmployeeCreation - ----Checking response status code------
[INFO ] 2021-11-03 19:55:15.295 [main] TC003_Post_Request_EmployeeCreation - Response status: 429
[INFO ] 2021-11-03 19:55:15.306 [main] TC003_Post_Request_EmployeeCreation - -------------Finished TC003_Post_Request_EmployeeCreation------------
[INFO ] 2021-11-03 19:58:37.736 [main] TC003_Post_Request_EmployeeCreation - ------TC003_Post_Request_EmployeeCreation------
[INFO ] 2021-11-03 19:58:46.781 [main] TC003_Post_Request_EmployeeCreation - ----Checking response------
[INFO ] 2021-11-03 19:58:46.808 [main] TC003_Post_Request_EmployeeCreation - Response body captured... 
[INFO ] 2021-11-03 19:58:46.838 [main] TC003_Post_Request_EmployeeCreation - ----Checking response time------
[INFO ] 2021-11-03 19:58:46.839 [main] TC003_Post_Request_EmployeeCreation - Response time: 2378
[WARN ] 2021-11-03 19:58:46.840 [main] TC003_Post_Request_EmployeeCreation - Response time is greater than 2000
[INFO ] 2021-11-03 19:58:46.851 [main] TC003_Post_Request_EmployeeCreation - ----Checking response status code------
[INFO ] 2021-11-03 19:58:46.851 [main] TC003_Post_Request_EmployeeCreation - Response status: 429
[INFO ] 2021-11-03 19:58:46.858 [main] TC003_Post_Request_EmployeeCreation - -------------Finished TC003_Post_Request_EmployeeCreation------------
[INFO ] 2021-11-03 19:59:10.660 [main] TC003_Post_Request_EmployeeCreation - ------TC003_Post_Request_EmployeeCreation------
[INFO ] 2021-11-03 19:59:19.430 [main] TC003_Post_Request_EmployeeCreation - ----Checking response------
[INFO ] 2021-11-03 19:59:19.459 [main] TC003_Post_Request_EmployeeCreation - Response body captured... 
[INFO ] 2021-11-03 19:59:19.492 [main] TC003_Post_Request_EmployeeCreation - ----Checking response time------
[INFO ] 2021-11-03 19:59:19.493 [main] TC003_Post_Request_EmployeeCreation - Response time: 2271
[WARN ] 2021-11-03 19:59:19.493 [main] TC003_Post_Request_EmployeeCreation - Response time is greater than 2000
[INFO ] 2021-11-03 19:59:19.504 [main] TC003_Post_Request_EmployeeCreation - ----Checking response status code------
[INFO ] 2021-11-03 19:59:19.505 [main] TC003_Post_Request_EmployeeCreation - Response status: 429
[INFO ] 2021-11-03 19:59:19.512 [main] TC003_Post_Request_EmployeeCreation - -------------Finished TC003_Post_Request_EmployeeCreation------------
